c:\users\ixrplatform\documents\iacopo\vs2019\cudaruntime1\x64\release\vc142.pdb
c:\users\ixrplatform\documents\iacopo\vs2019\cudaruntime1\x64\release\imagecu.obj
x64\release\image.cu.obj
c:\users\ixrplatform\documents\iacopo\vs2019\cudaruntime1\x64\release\cudaruntime1.lib
c:\users\ixrplatform\documents\iacopo\vs2019\cudaruntime1\x64\release\cudaruntime1.exp
c:\users\ixrplatform\documents\iacopo\vs2019\cudaruntime1\x64\release\cudaruntime1.ipdb
c:\users\ixrplatform\documents\iacopo\vs2019\cudaruntime1\x64\release\cudaruntime1.iobj
c:\users\ixrplatform\documents\iacopo\vs2019\cudaruntime1\x64\release\cudaruntime1.exe
c:\users\ixrplatform\documents\iacopo\vs2019\cudaruntime1\x64\release\cudaruntime1.pdb
c:\users\ixrplatform\documents\iacopo\vs2019\cudaruntime1\x64\release\image.cu.cache
c:\users\ixrplatform\documents\iacopo\vs2019\cudaruntime1\x64\release\image.cu.obj
c:\users\ixrplatform\documents\iacopo\vs2019\cudaruntime1\x64\release\cudaruntime1.tlog\cl.command.1.tlog
c:\users\ixrplatform\documents\iacopo\vs2019\cudaruntime1\x64\release\cudaruntime1.tlog\cl.read.1.tlog
c:\users\ixrplatform\documents\iacopo\vs2019\cudaruntime1\x64\release\cudaruntime1.tlog\cl.write.1.tlog
c:\users\ixrplatform\documents\iacopo\vs2019\cudaruntime1\x64\release\cudaruntime1.tlog\cudacompile.read.1u.tlog
c:\users\ixrplatform\documents\iacopo\vs2019\cudaruntime1\x64\release\cudaruntime1.tlog\cudacompile.write.1u.tlog
c:\users\ixrplatform\documents\iacopo\vs2019\cudaruntime1\x64\release\cudaruntime1.tlog\cudaruntime1.write.1u.tlog
c:\users\ixrplatform\documents\iacopo\vs2019\cudaruntime1\x64\release\cudaruntime1.tlog\link.command.1.tlog
c:\users\ixrplatform\documents\iacopo\vs2019\cudaruntime1\x64\release\cudaruntime1.tlog\link.read.1.tlog
c:\users\ixrplatform\documents\iacopo\vs2019\cudaruntime1\x64\release\cudaruntime1.tlog\link.write.1.tlog
